###############################################################
#  Generated by:      Cadence Encounter 09.11-s084_1
#  OS:                Linux x86_64(Host ID ee215lnx17.ecn.purdue.edu)
#  Generated on:      Thu Mar  3 18:37:22 2016
#  Command:           verifyMetalDensity -reportfile lab7_layout_design.dens...
###############################################################

Verify Density report created on Thu Mar  3 18:37:22 2016

    Layer    Density(%)          Window  
***************************************************

      M1       16.53    (650 1000) (750 1100)
      M1       19.87    (700 1000) (800 1100)

      M2       19.71    (350 350) (450 450)
      M2       18.75    (500 350) (600 450)
      M2       15.85    (550 350) (650 450)
      M2       14.82    (600 350) (700 450)
      M2       18.33    (650 350) (750 450)
      M2       16.29    (700 350) (800 450)
      M2       11.18    (750 350) (850 450)
      M2       12.36    (800 350) (900 450)
      M2       15.30    (850 350) (950 450)
      M2       16.98    (900 350) (1000 450)
      M2       17.07    (950 350) (1050 450)
      M2       17.13    (1000 350) (1100 450)
      M2       18.39    (350 400) (450 500)
      M2       19.30    (700 400) (800 500)
      M2       12.24    (750 400) (850 500)
      M2       10.83    (800 400) (900 500)
      M2       15.36    (850 400) (950 500)
      M2       13.10    (900 400) (1000 500)
      M2       13.52    (950 400) (1050 500)
      M2       17.27    (1000 400) (1100 500)
      M2       15.29    (350 450) (450 550)
      M2       14.62    (800 450) (900 550)
      M2       12.88    (850 450) (950 550)
      M2       11.63    (900 450) (1000 550)
      M2       13.64    (950 450) (1050 550)
      M2       15.24    (1000 450) (1100 550)
      M2       16.42    (350 500) (450 600)
      M2       18.98    (600 500) (700 600)
      M2       15.70    (800 500) (900 600)
      M2       12.94    (850 500) (950 600)
      M2       12.81    (900 500) (1000 600)
      M2       14.03    (950 500) (1050 600)
      M2       13.47    (1000 500) (1100 600)
      M2       18.22    (350 550) (450 650)
      M2       19.73    (600 550) (700 650)
      M2       19.18    (650 550) (750 650)
      M2       16.16    (700 550) (800 650)
      M2       16.94    (750 550) (850 650)
      M2       18.98    (800 550) (900 650)
      M2       18.90    (850 550) (950 650)
      M2       15.22    (900 550) (1000 650)
      M2       14.11    (950 550) (1050 650)
      M2       15.55    (1000 550) (1100 650)
      M2       18.98    (350 600) (450 700)
      M2       18.91    (700 600) (800 700)
      M2       18.68    (750 600) (850 700)
      M2       17.07    (900 600) (1000 700)
      M2       15.65    (950 600) (1050 700)
      M2       18.94    (1000 600) (1100 700)
      M2       18.19    (350 650) (450 750)
      M2       19.36    (400 650) (500 750)
      M2       19.20    (450 650) (550 750)
      M2       17.94    (700 650) (800 750)
      M2       18.04    (850 650) (950 750)
      M2       19.47    (900 650) (1000 750)
      M2       17.76    (350 700) (450 800)
      M2       19.08    (450 700) (550 800)
      M2       18.93    (500 700) (600 800)
      M2       15.75    (650 700) (750 800)
      M2       14.44    (700 700) (800 800)
      M2       18.57    (350 750) (450 850)
      M2       15.73    (650 750) (750 850)
      M2       16.77    (700 750) (800 850)
      M2       19.59    (350 800) (450 900)
      M2       19.47    (650 800) (750 900)
      M2       19.47    (700 800) (800 900)
      M2       19.94    (350 850) (450 950)
      M2       18.23    (850 850) (950 950)
      M2       19.85    (350 900) (450 1000)
      M2       18.44    (500 900) (600 1000)
      M2       19.24    (650 900) (750 1000)
      M2       17.85    (700 900) (800 1000)
      M2       14.73    (750 900) (850 1000)
      M2       14.25    (800 900) (900 1000)
      M2       17.81    (850 900) (950 1000)
      M2       15.53    (350 950) (450 1050)
      M2       17.13    (400 950) (500 1050)
      M2       15.01    (450 950) (550 1050)
      M2       15.48    (500 950) (600 1050)
      M2       17.46    (550 950) (650 1050)
      M2       15.84    (600 950) (700 1050)
      M2       11.98    (650 950) (750 1050)
      M2       10.80    (700 950) (800 1050)
      M2       15.82    (750 950) (850 1050)
      M2       19.91    (800 950) (900 1050)
      M2       18.62    (950 950) (1050 1050)
      M2       17.87    (1000 950) (1100 1050)
      M2       14.59    (450 1000) (550 1100)
      M2       14.80    (500 1000) (600 1100)
      M2       16.30    (550 1000) (650 1100)
      M2       15.53    (600 1000) (700 1100)
      M2       11.56    (650 1000) (750 1100)
      M2        9.83    (700 1000) (800 1100)
      M2       15.50    (750 1000) (850 1100)
      M2       19.63    (800 1000) (900 1100)
      M2       18.98    (900 1000) (1000 1100)
      M2       15.78    (950 1000) (1050 1100)
      M2       16.12    (1000 1000) (1100 1100)

      M3       16.30    (300 300) (400 400)
      M3       17.32    (850 300) (950 400)
      M3       17.09    (900 300) (1000 400)
      M3       18.22    (950 300) (1050 400)
      M3       14.06    (1000 300) (1100 400)
      M3       17.60    (1050 300) (1150 400)
      M3       19.90    (1100 300) (1200 400)
      M3       10.19    (300 350) (400 450)
      M3       11.90    (350 350) (450 450)
      M3       14.32    (400 350) (500 450)
      M3       18.03    (450 350) (550 450)
      M3       18.48    (550 350) (650 450)
      M3       15.21    (600 350) (700 450)
      M3       14.13    (650 350) (750 450)
      M3       13.05    (700 350) (800 450)
      M3        9.75    (750 350) (850 450)
      M3        9.80    (800 350) (900 450)
      M3       10.07    (850 350) (950 450)
      M3       10.67    (900 350) (1000 450)
      M3       10.74    (950 350) (1050 450)
      M3        8.10    (1000 350) (1100 450)
      M3       15.64    (1050 350) (1150 450)
      M3       17.85    (1100 350) (1200 450)
      M3        6.64    (300 400) (400 500)
      M3       12.30    (350 400) (450 500)
      M3       18.96    (400 400) (500 500)
      M3       19.42    (650 400) (750 500)
      M3       13.99    (700 400) (800 500)
      M3        8.23    (750 400) (850 500)
      M3        6.25    (800 400) (900 500)
      M3        8.79    (850 400) (950 500)
      M3        8.46    (900 400) (1000 500)
      M3        6.88    (950 400) (1050 500)
      M3        6.44    (1000 400) (1100 500)
      M3       16.57    (1050 400) (1150 500)
      M3        8.60    (300 450) (400 550)
      M3       13.84    (350 450) (450 550)
      M3       16.86    (650 450) (750 550)
      M3       13.53    (700 450) (800 550)
      M3       10.72    (750 450) (850 550)
      M3        6.72    (800 450) (900 550)
      M3        7.05    (850 450) (950 550)
      M3        7.47    (900 450) (1000 550)
      M3        8.20    (950 450) (1050 550)
      M3        7.01    (1000 450) (1100 550)
      M3       16.98    (1050 450) (1150 550)
      M3        9.74    (300 500) (400 600)
      M3       13.21    (350 500) (450 600)
      M3       18.90    (400 500) (500 600)
      M3       19.62    (600 500) (700 600)
      M3       13.96    (650 500) (750 600)
      M3       12.29    (700 500) (800 600)
      M3       12.36    (750 500) (850 600)
      M3       10.84    (800 500) (900 600)
      M3       10.61    (850 500) (950 600)
      M3       11.48    (900 500) (1000 600)
      M3       12.31    (950 500) (1050 600)
      M3       11.58    (1000 500) (1100 600)
      M3       16.46    (1050 500) (1150 600)
      M3       15.98    (1100 500) (1200 600)
      M3        9.12    (300 550) (400 650)
      M3       11.93    (350 550) (450 650)
      M3       19.09    (400 550) (500 650)
      M3       18.47    (650 550) (750 650)
      M3       12.27    (700 550) (800 650)
      M3       11.82    (750 550) (850 650)
      M3       13.04    (800 550) (900 650)
      M3       12.25    (850 550) (950 650)
      M3       12.30    (900 550) (1000 650)
      M3       12.97    (950 550) (1050 650)
      M3       14.20    (1000 550) (1100 650)
      M3       17.45    (1050 550) (1150 650)
      M3       16.30    (1100 550) (1200 650)
      M3       13.69    (300 600) (400 700)
      M3       12.68    (350 600) (450 700)
      M3       19.42    (400 600) (500 700)
      M3       19.76    (500 600) (600 700)
      M3       16.35    (700 600) (800 700)
      M3       15.51    (750 600) (850 700)
      M3       17.64    (800 600) (900 700)
      M3       15.82    (850 600) (950 700)
      M3       11.94    (900 600) (1000 700)
      M3       12.31    (950 600) (1050 700)
      M3       16.59    (1000 600) (1100 700)
      M3       18.92    (1050 600) (1150 700)
      M3       16.23    (1100 600) (1200 700)
      M3       12.68    (300 650) (400 750)
      M3       13.46    (350 650) (450 750)
      M3       15.46    (400 650) (500 750)
      M3       16.63    (450 650) (550 750)
      M3       17.97    (500 650) (600 750)
      M3       19.88    (650 650) (750 750)
      M3       16.00    (700 650) (800 750)
      M3       18.06    (750 650) (850 750)
      M3       18.32    (800 650) (900 750)
      M3       16.06    (850 650) (950 750)
      M3       15.24    (900 650) (1000 750)
      M3       14.54    (950 650) (1050 750)
      M3       19.70    (1000 650) (1100 750)
      M3       18.59    (1100 650) (1200 750)
      M3        8.01    (300 700) (400 800)
      M3       10.94    (350 700) (450 800)
      M3       13.74    (400 700) (500 800)
      M3       12.42    (450 700) (550 800)
      M3       14.43    (500 700) (600 800)
      M3       13.43    (650 700) (750 800)
      M3       11.31    (700 700) (800 800)
      M3       13.89    (750 700) (850 800)
      M3       13.45    (800 700) (900 800)
      M3       11.12    (850 700) (950 800)
      M3       12.96    (900 700) (1000 800)
      M3       17.23    (950 700) (1050 800)
      M3        8.54    (300 750) (400 850)
      M3       10.94    (350 750) (450 850)
      M3       17.20    (400 750) (500 850)
      M3       13.98    (450 750) (550 850)
      M3       11.15    (500 750) (600 850)
      M3       17.23    (550 750) (650 850)
      M3       12.96    (650 750) (750 850)
      M3       10.27    (700 750) (800 850)
      M3       11.31    (750 750) (850 850)
      M3       12.00    (800 750) (900 850)
      M3       11.28    (850 750) (950 850)
      M3       12.11    (900 750) (1000 850)
      M3       19.88    (1100 750) (1200 850)
      M3       10.30    (300 800) (400 900)
      M3       12.66    (350 800) (450 900)
      M3       18.74    (400 800) (500 900)
      M3       18.20    (450 800) (550 900)
      M3       14.76    (500 800) (600 900)
      M3       15.39    (550 800) (650 900)
      M3       18.62    (600 800) (700 900)
      M3       15.04    (650 800) (750 900)
      M3       11.38    (700 800) (800 900)
      M3       13.87    (750 800) (850 900)
      M3       16.32    (800 800) (900 900)
      M3       13.76    (850 800) (950 900)
      M3       13.33    (900 800) (1000 900)
      M3       14.28    (1100 800) (1200 900)
      M3       10.63    (300 850) (400 950)
      M3       14.00    (350 850) (450 950)
      M3       19.46    (500 850) (600 950)
      M3       19.29    (550 850) (650 950)
      M3       18.39    (600 850) (700 950)
      M3       15.55    (650 850) (750 950)
      M3       12.30    (700 850) (800 950)
      M3       14.76    (750 850) (850 950)
      M3       16.74    (800 850) (900 950)
      M3       12.90    (850 850) (950 950)
      M3       13.34    (900 850) (1000 950)
      M3       19.05    (950 850) (1050 950)
      M3       18.21    (1050 850) (1150 950)
      M3       12.87    (1100 850) (1200 950)
      M3       13.46    (300 900) (400 1000)
      M3       14.34    (350 900) (450 1000)
      M3       15.17    (650 900) (750 1000)
      M3        9.71    (700 900) (800 1000)
      M3       10.71    (750 900) (850 1000)
      M3       10.37    (800 900) (900 1000)
      M3        9.59    (850 900) (950 1000)
      M3       12.20    (900 900) (1000 1000)
      M3       13.99    (950 900) (1050 1000)
      M3       14.29    (1000 900) (1100 1000)
      M3       13.89    (1050 900) (1150 1000)
      M3       10.85    (1100 900) (1200 1000)
      M3       11.30    (300 950) (400 1050)
      M3        9.05    (350 950) (450 1050)
      M3       12.88    (400 950) (500 1050)
      M3       15.89    (450 950) (550 1050)
      M3       18.94    (500 950) (600 1050)
      M3       18.53    (550 950) (650 1050)
      M3       14.76    (600 950) (700 1050)
      M3        8.20    (650 950) (750 1050)
      M3        4.17    (700 950) (800 1050)
      M3        8.00    (750 950) (850 1050)
      M3       11.25    (800 950) (900 1050)
      M3       12.45    (850 950) (950 1050)
      M3       12.67    (900 950) (1000 1050)
      M3        9.35    (950 950) (1050 1050)
      M3        8.07    (1000 950) (1100 1050)
      M3       10.48    (1050 950) (1150 1050)
      M3       12.81    (1100 950) (1200 1050)
      M3        9.94    (300 1000) (400 1100)
      M3       11.21    (350 1000) (450 1100)
      M3       10.05    (400 1000) (500 1100)
      M3        7.10    (450 1000) (550 1100)
      M3        8.02    (500 1000) (600 1100)
      M3        7.70    (550 1000) (650 1100)
      M3        6.66    (600 1000) (700 1100)
      M3        5.19    (650 1000) (750 1100)
      M3        3.90    (700 1000) (800 1100)
      M3        8.25    (750 1000) (850 1100)
      M3       12.87    (800 1000) (900 1100)
      M3       13.09    (850 1000) (950 1100)
      M3       11.41    (900 1000) (1000 1100)
      M3       10.31    (950 1000) (1050 1100)
      M3        9.67    (1000 1000) (1100 1100)
      M3       11.13    (1050 1000) (1150 1100)
      M3       16.09    (1100 1000) (1200 1100)
      M3       12.43    (300 1050) (400 1150)
      M3       18.36    (350 1050) (450 1150)
      M3       15.12    (400 1050) (500 1150)
      M3       10.83    (450 1050) (550 1150)
      M3       10.48    (500 1050) (600 1150)
      M3        9.98    (550 1050) (650 1150)
      M3       12.26    (600 1050) (700 1150)
      M3       12.69    (650 1050) (750 1150)
      M3       10.45    (700 1050) (800 1150)
      M3       11.01    (750 1050) (850 1150)
      M3       12.08    (800 1050) (900 1150)
      M3       11.12    (850 1050) (950 1150)
      M3       10.76    (900 1050) (1000 1150)
      M3       11.71    (950 1050) (1050 1150)
      M3       11.76    (1000 1050) (1100 1150)
      M3       12.12    (1050 1050) (1150 1150)
      M3       14.13    (1100 1050) (1200 1150)
      M3       11.22    (300 1100) (400 1200)
      M3       16.12    (350 1100) (450 1200)
      M3       14.84    (400 1100) (500 1200)
      M3       14.35    (450 1100) (550 1200)
      M3       14.92    (500 1100) (600 1200)
      M3       13.37    (550 1100) (650 1200)
      M3       13.54    (600 1100) (700 1200)
      M3       15.57    (650 1100) (750 1200)
      M3       14.62    (700 1100) (800 1200)
      M3       13.37    (750 1100) (850 1200)
      M3       12.78    (800 1100) (900 1200)
      M3       13.11    (850 1100) (950 1200)
      M3       13.37    (900 1100) (1000 1200)
      M3       13.25    (950 1100) (1050 1200)
      M3       14.25    (1000 1100) (1100 1200)
      M3       13.49    (1050 1100) (1150 1200)
      M3       12.75    (1100 1100) (1200 1200)


A total of 333 density violation(s).
Windows < Min. Density = 333
Windows > Max. Density = 0
